<?xml version="1.0" encoding="UTF-8"?>
<!-- Generated by org.testng.reporters.JUnitReportReporter -->
<testsuite skipped="0" hostname="CS-794.local" name="br.com.cssp.FistAppiumTest" tests="1" failures="0" timestamp="16 mai 2017 17:58:47 GMT" time="7.196" errors="0">
  <testcase name="SimpleTest" time="7.196" classname="br.com.cssp.FistAppiumTest"/>
</testsuite> <!-- br.com.cssp.FistAppiumTest -->
